{
  "RSpec": {
    "coverage": {
      "/home/navelan.e/RubyApp/App/app/models/admin_user.rb": {
        "lines": [
          1,
          null,
          null,
          1,
          null,
          1,
          1,
          null,
          1,
          0,
          null,
          null
        ]
      },
      "/home/navelan.e/RubyApp/App/app/models/application_record.rb": {
        "lines": [
          1,
          1,
          null
        ]
      },
      "/home/navelan.e/RubyApp/App/app/models/mechanic.rb": {
        "lines": [
          1,
          null,
          null,
          1,
          null,
          null,
          1,
          1,
          1,
          1,
          1,
          null,
          1,
          180,
          178,
          null,
          null,
          null,
          1,
          1,
          null,
          null,
          1,
          0,
          null,
          null
        ]
      },
      "/home/navelan.e/RubyApp/App/app/models/customer.rb": {
        "lines": [
          1,
          null,
          null,
          1,
          null,
          null,
          1,
          1,
          1,
          1,
          1,
          null,
          null,
          null,
          1,
          1,
          null,
          null,
          1,
          1,
          null,
          null,
          1,
          1,
          null,
          null
        ]
      },
      "/home/navelan.e/RubyApp/App/app/controllers/application_controller.rb": {
        "lines": [
          1,
          null,
          null,
          1,
          null,
          1,
          1,
          0,
          0,
          0,
          0,
          0,
          0,
          null,
          null,
          null,
          1,
          62,
          9,
          null,
          null,
          null,
          1,
          28,
          12,
          null,
          null,
          null,
          1,
          0,
          null,
          null,
          null,
          1,
          1,
          1,
          null,
          null
        ]
      },
      "/home/navelan.e/RubyApp/App/app/helpers/application_helper.rb": {
        "lines": [
          1,
          null
        ]
      },
      "/home/navelan.e/RubyApp/App/app/helpers/api/v1/base_helper.rb": {
        "lines": [
          1,
          null
        ]
      },
      "/home/navelan.e/RubyApp/App/app/helpers/api/v1/customers_helper.rb": {
        "lines": [
          1,
          null
        ]
      },
      "/home/navelan.e/RubyApp/App/app/helpers/api/v1/mechanics_helper.rb": {
        "lines": [
          1,
          null
        ]
      },
      "/home/navelan.e/RubyApp/App/app/helpers/api/v1/parts_helper.rb": {
        "lines": [
          1,
          null
        ]
      },
      "/home/navelan.e/RubyApp/App/app/helpers/api/v1/profile_helper.rb": {
        "lines": [
          1,
          null
        ]
      },
      "/home/navelan.e/RubyApp/App/app/helpers/api/v1/records_helper.rb": {
        "lines": [
          1,
          null
        ]
      },
      "/home/navelan.e/RubyApp/App/app/helpers/api/v1/reviews_helper.rb": {
        "lines": [
          1,
          null
        ]
      },
      "/home/navelan.e/RubyApp/App/app/helpers/api/v1/summaries_helper.rb": {
        "lines": [
          1,
          null
        ]
      },
      "/home/navelan.e/RubyApp/App/app/helpers/api/v1/tags_helper.rb": {
        "lines": [
          1,
          null
        ]
      },
      "/home/navelan.e/RubyApp/App/app/helpers/api/v1/vehicles_helper.rb": {
        "lines": [
          1,
          null
        ]
      },
      "/home/navelan.e/RubyApp/App/app/helpers/customers_helper.rb": {
        "lines": [
          1,
          null
        ]
      },
      "/home/navelan.e/RubyApp/App/app/helpers/home_helper.rb": {
        "lines": [
          1,
          null
        ]
      },
      "/home/navelan.e/RubyApp/App/app/helpers/mechanics_helper.rb": {
        "lines": [
          1,
          null
        ]
      },
      "/home/navelan.e/RubyApp/App/app/helpers/parts_helper.rb": {
        "lines": [
          1,
          null
        ]
      },
      "/home/navelan.e/RubyApp/App/app/helpers/profile_helper.rb": {
        "lines": [
          1,
          null
        ]
      },
      "/home/navelan.e/RubyApp/App/app/helpers/records_helper.rb": {
        "lines": [
          1,
          null
        ]
      },
      "/home/navelan.e/RubyApp/App/app/helpers/reviews_helper.rb": {
        "lines": [
          1,
          null
        ]
      },
      "/home/navelan.e/RubyApp/App/app/helpers/service_parts_helper.rb": {
        "lines": [
          1,
          null
        ]
      },
      "/home/navelan.e/RubyApp/App/app/helpers/summaries_helper.rb": {
        "lines": [
          1,
          null
        ]
      },
      "/home/navelan.e/RubyApp/App/app/helpers/tags_helper.rb": {
        "lines": [
          1,
          null
        ]
      },
      "/home/navelan.e/RubyApp/App/app/helpers/vehicles_helper.rb": {
        "lines": [
          1,
          null
        ]
      },
      "/home/navelan.e/RubyApp/App/app/models/part.rb": {
        "lines": [
          1,
          1,
          1,
          1,
          1,
          null,
          1,
          1,
          null,
          null,
          1,
          1,
          null,
          null
        ]
      },
      "/home/navelan.e/RubyApp/App/app/models/record.rb": {
        "lines": [
          1,
          1,
          1,
          1,
          1,
          1,
          1,
          1,
          1,
          1,
          1,
          1,
          1,
          1,
          1,
          null,
          1,
          84,
          null,
          null,
          1,
          4,
          4,
          1,
          null,
          3,
          null,
          null,
          1,
          1,
          null,
          1,
          1,
          null,
          null
        ]
      },
      "/home/navelan.e/RubyApp/App/app/models/review.rb": {
        "lines": [
          1,
          1,
          1,
          1,
          1,
          1,
          1,
          1,
          2,
          1,
          null,
          null,
          null,
          null,
          1,
          1,
          null,
          null,
          1,
          1,
          null,
          null,
          1,
          1,
          null,
          null
        ]
      },
      "/home/navelan.e/RubyApp/App/app/models/service_part.rb": {
        "lines": [
          1,
          1,
          1,
          1,
          1,
          1,
          null,
          1,
          1,
          null,
          null,
          1,
          1,
          null,
          null,
          1,
          1,
          null,
          null,
          1,
          1,
          null,
          null,
          1,
          1,
          null,
          null,
          1,
          1,
          null,
          null
        ]
      },
      "/home/navelan.e/RubyApp/App/app/models/summary.rb": {
        "lines": [
          1,
          1,
          1,
          null,
          1,
          1,
          null,
          null,
          1,
          1,
          null,
          null
        ]
      },
      "/home/navelan.e/RubyApp/App/app/models/tag.rb": {
        "lines": [
          1,
          1,
          1,
          null,
          1,
          1,
          null,
          null,
          1,
          1,
          null,
          null
        ]
      },
      "/home/navelan.e/RubyApp/App/app/models/vehicle.rb": {
        "lines": [
          1,
          1,
          1,
          1,
          1,
          null,
          1,
          1,
          null,
          1,
          1,
          null,
          null
        ]
      },
      "/home/navelan.e/RubyApp/App/app/controllers/api/v1/customers_controller.rb": {
        "lines": [
          1,
          23,
          9,
          null,
          1,
          2,
          2,
          null,
          null,
          1,
          10,
          null,
          10,
          4,
          null,
          6,
          null,
          null,
          null,
          1,
          3,
          3,
          3,
          1,
          null,
          null,
          null,
          2,
          1,
          null,
          null,
          null,
          1,
          null,
          null,
          null,
          null,
          null,
          1,
          2,
          2,
          2,
          1,
          1,
          null,
          null,
          1,
          null,
          null,
          null,
          null,
          1,
          2,
          2,
          1,
          1,
          null,
          1,
          null,
          null,
          1,
          null,
          null,
          null,
          null,
          1,
          2,
          null,
          null,
          null
        ]
      },
      "/home/navelan.e/RubyApp/App/app/controllers/api/v1/base_controller.rb": {
        "lines": [
          1,
          1,
          1,
          1,
          null,
          1,
          0,
          null,
          null,
          null,
          null,
          null,
          null,
          1,
          8,
          null,
          null,
          null,
          null,
          null,
          null
        ]
      },
      "/home/navelan.e/RubyApp/App/app/controllers/api/v1/mechanics_controller.rb": {
        "lines": [
          1,
          8,
          21,
          null,
          1,
          5,
          2,
          null,
          3,
          null,
          5,
          null,
          null,
          1,
          2,
          2,
          2,
          1,
          null,
          null,
          null,
          null,
          1,
          null,
          null,
          null,
          null,
          0,
          null,
          null,
          null,
          null,
          null,
          1,
          2,
          null,
          2,
          1,
          null,
          null,
          null,
          1,
          null,
          null,
          null,
          null,
          null,
          null,
          null,
          null,
          null,
          null,
          null,
          null,
          null,
          null,
          null,
          null,
          null,
          null,
          null,
          1,
          4,
          4,
          2,
          null,
          2,
          null,
          2,
          null,
          null,
          1,
          2,
          null,
          null,
          1,
          3,
          3,
          2,
          1,
          null,
          1,
          null,
          null,
          1,
          null,
          null,
          null,
          null,
          1,
          2,
          null,
          2,
          1,
          1,
          null,
          null,
          1,
          null,
          null,
          null,
          null,
          null,
          1,
          2,
          2,
          2,
          1,
          1,
          null,
          1,
          null,
          null,
          1,
          null,
          null,
          null,
          null,
          1,
          2,
          null,
          2,
          null,
          2,
          null,
          null
        ]
      },
      "/home/navelan.e/RubyApp/App/app/controllers/api/v1/parts_controller.rb": {
        "lines": [
          1,
          7,
          1,
          1,
          1,
          null,
          null,
          1,
          2,
          2,
          1,
          null,
          null,
          null,
          null,
          1,
          null,
          null,
          null,
          null,
          null,
          1,
          3,
          3,
          1,
          null,
          null,
          1,
          null,
          2,
          1,
          null,
          null,
          null,
          null,
          1,
          null,
          null,
          null,
          null,
          1,
          null,
          1,
          2,
          null,
          null
        ]
      },
      "/home/navelan.e/RubyApp/App/app/controllers/api/v1/records_controller.rb": {
        "lines": [
          1,
          12,
          7,
          1,
          1,
          1,
          1,
          1,
          3,
          2,
          null,
          1,
          null,
          3,
          null,
          null,
          1,
          2,
          2,
          1,
          null,
          1,
          null,
          null,
          null,
          null,
          null,
          1,
          3,
          3,
          null,
          null,
          null,
          null,
          null,
          3,
          2,
          null,
          null,
          null,
          null,
          1,
          null,
          null,
          null,
          null,
          null,
          1,
          3,
          3,
          2,
          2,
          2,
          2,
          2,
          2,
          null,
          2,
          0,
          null,
          null,
          null,
          2,
          null,
          null,
          null,
          null,
          null,
          0,
          null,
          null,
          1,
          9,
          9,
          null,
          null,
          null,
          null,
          null,
          null,
          null,
          null,
          null,
          null,
          null,
          1,
          5,
          null,
          null,
          1,
          3,
          3,
          null,
          3,
          3,
          0,
          0,
          null,
          null,
          null,
          null,
          null,
          null,
          0,
          0,
          null,
          null,
          null,
          null,
          null,
          3,
          3,
          0,
          null,
          null,
          null,
          null,
          0,
          0,
          null,
          null,
          null,
          null,
          null,
          null,
          1,
          5,
          5,
          5,
          5,
          2,
          2,
          2,
          2,
          2,
          null,
          0,
          null,
          null,
          null,
          1,
          3,
          3,
          3,
          3,
          3,
          1,
          1,
          1,
          1,
          1,
          null,
          null,
          3,
          null,
          null
        ]
      },
      "/home/navelan.e/RubyApp/App/app/controllers/api/v1/reviews_controller.rb": {
        "lines": [
          1,
          13,
          7,
          1,
          1,
          1,
          null,
          null,
          1,
          3,
          1,
          null,
          null,
          1,
          null,
          2,
          1,
          null,
          null,
          null,
          null,
          1,
          null,
          null,
          null,
          null,
          null,
          1,
          2,
          1,
          null,
          null,
          1,
          null,
          1,
          null,
          null,
          1,
          4,
          4,
          null,
          2,
          null,
          1,
          null,
          1,
          null,
          4,
          4,
          3,
          null,
          null,
          null,
          1,
          null,
          null,
          null,
          null,
          null,
          1,
          2,
          2,
          1,
          null,
          null,
          1,
          null,
          1,
          1,
          null,
          null,
          1,
          null,
          1,
          6,
          null,
          null
        ]
      },
      "/home/navelan.e/RubyApp/App/app/controllers/api/v1/summaries_controller.rb": {
        "lines": [
          1,
          1,
          1,
          1,
          0,
          null,
          null,
          0,
          null,
          1,
          null,
          null,
          1,
          3,
          2,
          null,
          null,
          2,
          null,
          1,
          null,
          null
        ]
      },
      "/home/navelan.e/RubyApp/App/app/controllers/api/v1/tags_controller.rb": {
        "lines": [
          1,
          1,
          1,
          2,
          2,
          null,
          null
        ]
      },
      "/home/navelan.e/RubyApp/App/app/controllers/api/v1/vehicles_controller.rb": {
        "lines": [
          1,
          12,
          7,
          1,
          1,
          3,
          1,
          null,
          2,
          null,
          3,
          null,
          null,
          1,
          null,
          null,
          1,
          2,
          2,
          1,
          null,
          null,
          1,
          null,
          1,
          null,
          null,
          null,
          null,
          null,
          1,
          2,
          2,
          null,
          null,
          1,
          3,
          1,
          null,
          null,
          1,
          null,
          2,
          2,
          2,
          1,
          null,
          null,
          null,
          null,
          1,
          null,
          null,
          null,
          null,
          null,
          1,
          3,
          3,
          3,
          1,
          null,
          null,
          1,
          null,
          2,
          1,
          null,
          1,
          null,
          null,
          null,
          1,
          null,
          1,
          5,
          null,
          null
        ]
      },
      "/home/navelan.e/RubyApp/App/app/controllers/customers_controller.rb": {
        "lines": [
          1,
          1,
          1,
          1,
          1,
          1,
          null,
          null,
          1,
          2,
          2,
          1,
          null,
          1,
          null,
          null,
          null,
          1,
          3,
          3,
          3,
          1,
          1,
          null,
          null,
          2,
          2,
          null,
          0,
          0,
          null,
          null,
          null,
          1,
          2,
          null,
          null,
          1,
          3,
          3,
          3,
          1,
          1,
          null,
          null,
          2,
          2,
          null,
          null,
          1,
          1,
          1,
          1,
          1,
          null,
          null,
          0,
          0,
          null,
          0,
          null,
          null
        ]
      },
      "/home/navelan.e/RubyApp/App/app/controllers/home_controller.rb": {
        "lines": [
          1,
          1,
          null,
          null
        ]
      },
      "/home/navelan.e/RubyApp/App/app/controllers/mechanics_controller.rb": {
        "lines": [
          1,
          1,
          1,
          1,
          null,
          1,
          3,
          null,
          3,
          null,
          null,
          null,
          null,
          null,
          null,
          null,
          null,
          6,
          null,
          null,
          1,
          2,
          null,
          null,
          1,
          2,
          null,
          2,
          1,
          null,
          1,
          1,
          null,
          null,
          null,
          1,
          1,
          1,
          1,
          null,
          null,
          1,
          0,
          0,
          0,
          0,
          null,
          0,
          null,
          null,
          null
        ]
      },
      "/home/navelan.e/RubyApp/App/app/controllers/parts_controller.rb": {
        "lines": [
          1,
          1,
          1,
          1,
          1,
          null,
          null,
          1,
          1,
          null,
          null,
          1,
          1,
          1,
          1,
          0,
          null,
          1,
          null,
          null,
          0,
          0,
          null,
          null,
          null,
          1,
          null,
          null,
          1,
          1,
          1,
          null,
          0,
          0,
          null,
          null,
          1,
          null,
          1,
          1,
          null,
          null,
          1,
          2,
          null,
          null
        ]
      },
      "/home/navelan.e/RubyApp/App/app/controllers/profile_controller.rb": {
        "lines": [
          1,
          1,
          3,
          1,
          2,
          1,
          null,
          1,
          null,
          null,
          null,
          1,
          3,
          1,
          2,
          1,
          null,
          1,
          null,
          null,
          null
        ]
      },
      "/home/navelan.e/RubyApp/App/app/controllers/records_controller.rb": {
        "lines": [
          1,
          1,
          1,
          1,
          1,
          1,
          1,
          1,
          3,
          1,
          null,
          2,
          null,
          null,
          null,
          1,
          null,
          null,
          1,
          1,
          null,
          null,
          1,
          1,
          1,
          null,
          null,
          null,
          null,
          null,
          1,
          1,
          null,
          0,
          0,
          null,
          null,
          null,
          1,
          0,
          0,
          null,
          null,
          1,
          1,
          1,
          1,
          1,
          1,
          1,
          1,
          null,
          0,
          0,
          null,
          null,
          null,
          1,
          3,
          3,
          null,
          null,
          null,
          null,
          null,
          null,
          null,
          null,
          null,
          null,
          null,
          1,
          3,
          3,
          null,
          null,
          1,
          1,
          1,
          1,
          1,
          0,
          0,
          null,
          null,
          null,
          null,
          null,
          null,
          0,
          0,
          0,
          null,
          null,
          null,
          1,
          1,
          0,
          null,
          null,
          null,
          null,
          0,
          0,
          0,
          null,
          null,
          null,
          null,
          1,
          1,
          1,
          1,
          1,
          1,
          1,
          1,
          1,
          1,
          null,
          0,
          null,
          null,
          null,
          1,
          1,
          1,
          1,
          1,
          1,
          1,
          1,
          1,
          1,
          1,
          null,
          null,
          1,
          null,
          null
        ]
      },
      "/home/navelan.e/RubyApp/App/app/controllers/reviews_controller.rb": {
        "lines": [
          1,
          1,
          1,
          1,
          2,
          null,
          null,
          1,
          2,
          null,
          null,
          1,
          2,
          2,
          1,
          null,
          1,
          null,
          null,
          null,
          1,
          1,
          1,
          1,
          null,
          null,
          1,
          3,
          3,
          null,
          1,
          null,
          1,
          null,
          1,
          null,
          3,
          3,
          3,
          null,
          0,
          0,
          null,
          null,
          null,
          1,
          1,
          1,
          1,
          1,
          null,
          null,
          1,
          null,
          1,
          5,
          null,
          null
        ]
      },
      "/home/navelan.e/RubyApp/App/app/controllers/summaries_controller.rb": {
        "lines": [
          1,
          1,
          1,
          2,
          null,
          null,
          1,
          0,
          null,
          null
        ]
      },
      "/home/navelan.e/RubyApp/App/app/controllers/tags_controller.rb": {
        "lines": [
          1,
          1,
          1,
          2,
          null,
          null
        ]
      },
      "/home/navelan.e/RubyApp/App/app/controllers/vehicles_controller.rb": {
        "lines": [
          1,
          1,
          1,
          1,
          1,
          2,
          2,
          0,
          null,
          2,
          null,
          null,
          null,
          1,
          2,
          null,
          null,
          1,
          2,
          2,
          2,
          0,
          null,
          null,
          null,
          1,
          1,
          null,
          null,
          1,
          2,
          1,
          1,
          1,
          null,
          1,
          1,
          1,
          1,
          null,
          0,
          0,
          null,
          null,
          null,
          1,
          1,
          1,
          1,
          1,
          null,
          0,
          null,
          null,
          null,
          1,
          null,
          1,
          3,
          null,
          null
        ]
      },
      "/home/navelan.e/RubyApp/App/app/jobs/application_job.rb": {
        "lines": [
          0,
          null,
          null,
          null,
          null,
          null,
          0
        ],
        "branches": {}
      }
    },
    "timestamp": 1778500868
  }
}
